  Main.cpp
C:\Users\Ahmed\Documents\GitHub\maze-solver\MazeRunner\Main.cpp(15,58): warning C4244: 'argument': conversion from 'T' to 'T', possible loss of data
C:\Users\Ahmed\Documents\GitHub\maze-solver\MazeRunner\Main.cpp(15,58): warning C4244:         with
C:\Users\Ahmed\Documents\GitHub\maze-solver\MazeRunner\Main.cpp(15,58): warning C4244:         [
C:\Users\Ahmed\Documents\GitHub\maze-solver\MazeRunner\Main.cpp(15,58): warning C4244:             T=unsigned int
C:\Users\Ahmed\Documents\GitHub\maze-solver\MazeRunner\Main.cpp(15,58): warning C4244:         ]
C:\Users\Ahmed\Documents\GitHub\maze-solver\MazeRunner\Main.cpp(15,58): warning C4244:         and
C:\Users\Ahmed\Documents\GitHub\maze-solver\MazeRunner\Main.cpp(15,58): warning C4244:         [
C:\Users\Ahmed\Documents\GitHub\maze-solver\MazeRunner\Main.cpp(15,58): warning C4244:             T=float
C:\Users\Ahmed\Documents\GitHub\maze-solver\MazeRunner\Main.cpp(15,58): warning C4244:         ]
C:\Users\Ahmed\Documents\GitHub\maze-solver\MazeRunner\Main.cpp(15,37): warning C4244: 'argument': conversion from 'T' to 'T', possible loss of data
C:\Users\Ahmed\Documents\GitHub\maze-solver\MazeRunner\Main.cpp(15,37): warning C4244:         with
C:\Users\Ahmed\Documents\GitHub\maze-solver\MazeRunner\Main.cpp(15,37): warning C4244:         [
C:\Users\Ahmed\Documents\GitHub\maze-solver\MazeRunner\Main.cpp(15,37): warning C4244:             T=unsigned int
C:\Users\Ahmed\Documents\GitHub\maze-solver\MazeRunner\Main.cpp(15,37): warning C4244:         ]
C:\Users\Ahmed\Documents\GitHub\maze-solver\MazeRunner\Main.cpp(15,37): warning C4244:         and
C:\Users\Ahmed\Documents\GitHub\maze-solver\MazeRunner\Main.cpp(15,37): warning C4244:         [
C:\Users\Ahmed\Documents\GitHub\maze-solver\MazeRunner\Main.cpp(15,37): warning C4244:             T=float
C:\Users\Ahmed\Documents\GitHub\maze-solver\MazeRunner\Main.cpp(15,37): warning C4244:         ]
  MazeRunner.vcxproj -> C:\Users\Ahmed\Documents\GitHub\maze-solver\Debug\MazeRunner.exe
